<?xml version="1.0" encoding="UTF-8"?>
<coverage generated="1695711498170" clover="3.2.0">
  <project timestamp="1695711498170" name="All files">
    <metrics statements="23" coveredstatements="23" conditionals="8" coveredconditionals="6" methods="4" coveredmethods="4" elements="35" coveredelements="33" complexity="0" loc="23" ncloc="23" packages="1" files="1" classes="1"/>
    <file name="Button.tsx" path="C:\Users\hanthu1\Project\ipts-ds-system\src\stories\Button\Button.tsx">
      <metrics statements="23" coveredstatements="23" conditionals="8" coveredconditionals="6" methods="4" coveredmethods="4"/>
      <line num="1" count="1" type="stmt"/>
      <line num="2" count="1" type="stmt"/>
      <line num="3" count="1" type="stmt"/>
      <line num="5" count="1" type="stmt"/>
      <line num="8" count="1" type="stmt"/>
      <line num="11" count="1" type="stmt"/>
      <line num="14" count="1" type="stmt"/>
      <line num="19" count="3" type="stmt"/>
      <line num="25" count="1" type="stmt"/>
      <line num="37" count="1" type="stmt"/>
      <line num="38" count="3" type="stmt"/>
      <line num="39" count="3" type="cond" truecount="1" falsecount="1"/>
      <line num="40" count="3" type="cond" truecount="1" falsecount="1"/>
      <line num="41" count="3" type="stmt"/>
      <line num="42" count="3" type="stmt"/>
      <line num="43" count="3" type="stmt"/>
      <line num="44" count="3" type="stmt"/>
      <line num="45" count="3" type="stmt"/>
      <line num="48" count="3" type="stmt"/>
      <line num="49" count="3" type="stmt"/>
      <line num="50" count="3" type="stmt"/>
      <line num="51" count="3" type="stmt"/>
      <line num="54" count="3" type="stmt"/>
    </file>
  </project>
</coverage>
