<?xml version="1.0" encoding="UTF-8"?>
<coverage generated="1695635417549" clover="3.2.0">
  <project timestamp="1695635417549" name="All files">
    <metrics statements="22" coveredstatements="20" conditionals="8" coveredconditionals="4" methods="4" coveredmethods="4" elements="34" coveredelements="28" complexity="0" loc="22" ncloc="22" packages="1" files="1" classes="1"/>
    <file name="Button.tsx" path="C:\Users\hanthu1\Project\ipts-ds-system\src\stories\Button\Button.tsx">
      <metrics statements="22" coveredstatements="20" conditionals="8" coveredconditionals="4" methods="4" coveredmethods="4"/>
      <line num="1" count="1" type="stmt"/>
      <line num="2" count="1" type="stmt"/>
      <line num="3" count="1" type="stmt"/>
      <line num="5" count="1" type="stmt"/>
      <line num="8" count="0" type="stmt"/>
      <line num="11" count="0" type="stmt"/>
      <line num="14" count="1" type="stmt"/>
      <line num="19" count="1" type="stmt"/>
      <line num="25" count="1" type="stmt"/>
      <line num="35" count="1" type="stmt"/>
      <line num="36" count="1" type="cond" truecount="1" falsecount="1"/>
      <line num="37" count="1" type="cond" truecount="1" falsecount="1"/>
      <line num="38" count="1" type="stmt"/>
      <line num="39" count="1" type="stmt"/>
      <line num="40" count="1" type="stmt"/>
      <line num="41" count="1" type="stmt"/>
      <line num="42" count="1" type="stmt"/>
      <line num="44" count="1" type="stmt"/>
      <line num="45" count="1" type="stmt"/>
      <line num="46" count="1" type="stmt"/>
      <line num="47" count="1" type="stmt"/>
      <line num="50" count="1" type="stmt"/>
    </file>
  </project>
</coverage>
