{"C:\\Users\\hanthu1\\Project\\ipts-ds-system\\src\\stories\\Button\\Button.tsx": {"path":"C:\\Users\\hanthu1\\Project\\ipts-ds-system\\src\\stories\\Button\\Button.tsx","statementMap":{"0":{"start":{"line":1,"column":0},"end":{"line":1,"column":null}},"1":{"start":{"line":2,"column":0},"end":{"line":2,"column":null}},"2":{"start":{"line":3,"column":0},"end":{"line":3,"column":null}},"3":{"start":{"line":5,"column":23},"end":{"line":17,"column":1}},"4":{"start":{"line":8,"column":6},"end":{"line":8,"column":null}},"5":{"start":{"line":11,"column":6},"end":{"line":11,"column":null}},"6":{"start":{"line":14,"column":6},"end":{"line":14,"column":null}},"7":{"start":{"line":19,"column":23},"end":{"line":22,"column":null}},"8":{"start":{"line":19,"column":42},"end":{"line":22,"column":null}},"9":{"start":{"line":25,"column":2},"end":{"line":25,"column":76}},"10":{"start":{"line":35,"column":45},"end":{"line":55,"column":1}},"11":{"start":{"line":42,"column":20},"end":{"line":36,"column":9}},"12":{"start":{"line":36,"column":9},"end":{"line":36,"column":null}},"13":{"start":{"line":36,"column":17},"end":{"line":37,"column":6}},"14":{"start":{"line":37,"column":6},"end":{"line":37,"column":null}},"15":{"start":{"line":38,"column":7},"end":{"line":38,"column":6}},"16":{"start":{"line":39,"column":11},"end":{"line":39,"column":10}},"17":{"start":{"line":40,"column":9},"end":{"line":40,"column":8}},"18":{"start":{"line":41,"column":10},"end":{"line":41,"column":null}},"19":{"start":{"line":44,"column":26},"end":{"line":48,"column":21}},"20":{"start":{"line":45,"column":22},"end":{"line":45,"column":45}},"21":{"start":{"line":46,"column":22},"end":{"line":46,"column":42}},"22":{"start":{"line":47,"column":4},"end":{"line":47,"column":null}},"23":{"start":{"line":50,"column":2},"end":{"line":53,"column":null}},"24":{"start":{"line":35,"column":13},"end":{"line":35,"column":45}}},"fnMap":{"0":{"name":"getSizeClasses","decl":{"start":{"line":5,"column":6},"end":{"line":5,"column":20}},"loc":{"start":{"line":5,"column":40},"end":{"line":17,"column":1}}},"1":{"name":"getModeClasses","decl":{"start":{"line":19,"column":6},"end":{"line":19,"column":20}},"loc":{"start":{"line":19,"column":42},"end":{"line":22,"column":null}}},"2":{"name":"Button","decl":{"start":{"line":35,"column":13},"end":{"line":35,"column":19}},"loc":{"start":{"line":42,"column":20},"end":{"line":55,"column":1}}},"3":{"name":"(anonymous_16)","decl":{"start":{"line":44,"column":34},"end":{"line":44,"column":39}},"loc":{"start":{"line":44,"column":39},"end":{"line":48,"column":3}}}},"branchMap":{"0":{"loc":{"start":{"line":20,"column":2},"end":{"line":22,"column":109}},"type":"cond-expr","locations":[{"start":{"line":21,"column":6},"end":{"line":21,"column":124}},{"start":{"line":22,"column":6},"end":{"line":22,"column":109}}]},"1":{"loc":{"start":{"line":36,"column":9},"end":{"line":36,"column":null}},"type":"cond-expr","locations":[{"start":{"line":36,"column":12},"end":{"line":36,"column":17}},{"start":{"line":36,"column":17},"end":{"line":36,"column":null}}]},"2":{"loc":{"start":{"line":37,"column":6},"end":{"line":37,"column":null}},"type":"cond-expr","locations":[{"start":{"line":37,"column":9},"end":{"line":37,"column":17}},{"start":{"line":37,"column":17},"end":{"line":37,"column":null}}]},"3":{"loc":{"start":{"line":51,"column":103},"end":{"line":51,"column":136}},"type":"cond-expr","locations":[{"start":{"line":51,"column":115},"end":{"line":51,"column":124}},{"start":{"line":51,"column":127},"end":{"line":51,"column":136}}]}},"s":{"0":1,"1":1,"2":1,"3":1,"4":0,"5":0,"6":1,"7":1,"8":1,"9":1,"10":1,"11":1,"12":1,"13":1,"14":1,"15":1,"16":1,"17":1,"18":1,"19":1,"20":1,"21":1,"22":1,"23":1,"24":1},"f":{"0":1,"1":1,"2":1,"3":1},"b":{"0":[1,0],"1":[0,1],"2":[0,1],"3":[0,1]}}
}
