{"C:\\Users\\hanthu1\\Project\\ipts-ds-system\\src\\stories\\Button\\Button.tsx": {"path":"C:\\Users\\hanthu1\\Project\\ipts-ds-system\\src\\stories\\Button\\Button.tsx","statementMap":{"0":{"start":{"line":1,"column":0},"end":{"line":1,"column":null}},"1":{"start":{"line":2,"column":0},"end":{"line":2,"column":null}},"2":{"start":{"line":3,"column":0},"end":{"line":3,"column":null}},"3":{"start":{"line":5,"column":23},"end":{"line":17,"column":1}},"4":{"start":{"line":8,"column":6},"end":{"line":8,"column":null}},"5":{"start":{"line":11,"column":6},"end":{"line":11,"column":null}},"6":{"start":{"line":14,"column":6},"end":{"line":14,"column":null}},"7":{"start":{"line":19,"column":23},"end":{"line":22,"column":null}},"8":{"start":{"line":19,"column":42},"end":{"line":22,"column":null}},"9":{"start":{"line":25,"column":2},"end":{"line":25,"column":76}},"10":{"start":{"line":37,"column":45},"end":{"line":59,"column":1}},"11":{"start":{"line":38,"column":4},"end":{"line":38,"column":3}},"12":{"start":{"line":38,"column":4},"end":{"line":39,"column":9}},"13":{"start":{"line":39,"column":9},"end":{"line":39,"column":null}},"14":{"start":{"line":39,"column":17},"end":{"line":40,"column":6}},"15":{"start":{"line":40,"column":6},"end":{"line":40,"column":null}},"16":{"start":{"line":41,"column":7},"end":{"line":41,"column":6}},"17":{"start":{"line":42,"column":11},"end":{"line":42,"column":10}},"18":{"start":{"line":43,"column":9},"end":{"line":43,"column":8}},"19":{"start":{"line":44,"column":12},"end":{"line":44,"column":11}},"20":{"start":{"line":45,"column":10},"end":{"line":45,"column":null}},"21":{"start":{"line":48,"column":26},"end":{"line":52,"column":21}},"22":{"start":{"line":49,"column":22},"end":{"line":49,"column":45}},"23":{"start":{"line":50,"column":22},"end":{"line":50,"column":42}},"24":{"start":{"line":51,"column":4},"end":{"line":51,"column":null}},"25":{"start":{"line":54,"column":2},"end":{"line":57,"column":null}},"26":{"start":{"line":37,"column":13},"end":{"line":37,"column":45}}},"fnMap":{"0":{"name":"getSizeClasses","decl":{"start":{"line":5,"column":6},"end":{"line":5,"column":20}},"loc":{"start":{"line":5,"column":40},"end":{"line":17,"column":1}}},"1":{"name":"getModeClasses","decl":{"start":{"line":19,"column":6},"end":{"line":19,"column":20}},"loc":{"start":{"line":19,"column":42},"end":{"line":22,"column":null}}},"2":{"name":"Button","decl":{"start":{"line":37,"column":13},"end":{"line":37,"column":19}},"loc":{"start":{"line":46,"column":20},"end":{"line":59,"column":1}}},"3":{"name":"(anonymous_16)","decl":{"start":{"line":48,"column":34},"end":{"line":48,"column":39}},"loc":{"start":{"line":48,"column":39},"end":{"line":52,"column":3}}}},"branchMap":{"0":{"loc":{"start":{"line":20,"column":2},"end":{"line":22,"column":109}},"type":"cond-expr","locations":[{"start":{"line":21,"column":6},"end":{"line":21,"column":124}},{"start":{"line":22,"column":6},"end":{"line":22,"column":109}}]},"1":{"loc":{"start":{"line":39,"column":9},"end":{"line":39,"column":null}},"type":"cond-expr","locations":[{"start":{"line":39,"column":12},"end":{"line":39,"column":17}},{"start":{"line":39,"column":17},"end":{"line":39,"column":null}}]},"2":{"loc":{"start":{"line":40,"column":6},"end":{"line":40,"column":null}},"type":"cond-expr","locations":[{"start":{"line":40,"column":9},"end":{"line":40,"column":17}},{"start":{"line":40,"column":17},"end":{"line":40,"column":null}}]},"3":{"loc":{"start":{"line":55,"column":133},"end":{"line":55,"column":166}},"type":"cond-expr","locations":[{"start":{"line":55,"column":145},"end":{"line":55,"column":154}},{"start":{"line":55,"column":157},"end":{"line":55,"column":166}}]}},"s":{"0":1,"1":1,"2":1,"3":1,"4":1,"5":1,"6":1,"7":1,"8":3,"9":1,"10":1,"11":3,"12":3,"13":3,"14":3,"15":3,"16":3,"17":3,"18":3,"19":3,"20":3,"21":3,"22":3,"23":3,"24":3,"25":3,"26":1},"f":{"0":3,"1":3,"2":3,"3":3},"b":{"0":[2,1],"1":[0,3],"2":[0,3],"3":[1,2]}}
}
