TN:
SF:src\stories\Button\Button.tsx
FN:5,getSizeClasses
FN:19,getModeClasses
FN:37,Button
FN:48,(anonymous_16)
FNF:4
FNH:4
FNDA:3,getSizeClasses
FNDA:3,getModeClasses
FNDA:3,Button
FNDA:3,(anonymous_16)
DA:1,1
DA:2,1
DA:3,1
DA:5,1
DA:8,1
DA:11,1
DA:14,1
DA:19,3
DA:25,1
DA:37,1
DA:38,3
DA:39,3
DA:40,3
DA:41,3
DA:42,3
DA:43,3
DA:44,3
DA:45,3
DA:48,3
DA:49,3
DA:50,3
DA:51,3
DA:54,3
LF:23
LH:23
BRDA:20,0,0,2
BRDA:20,0,1,1
BRDA:39,1,0,0
BRDA:39,1,1,3
BRDA:40,2,0,0
BRDA:40,2,1,3
BRDA:55,3,0,1
BRDA:55,3,1,2
BRF:8
BRH:6
end_of_record
