TN:
SF:src\stories\Button\Button.tsx
FN:5,getSizeClasses
FN:19,getModeClasses
FN:35,Button
FN:44,(anonymous_16)
FNF:4
FNH:4
FNDA:1,getSizeClasses
FNDA:1,getModeClasses
FNDA:1,Button
FNDA:1,(anonymous_16)
DA:1,1
DA:2,1
DA:3,1
DA:5,1
DA:8,0
DA:11,0
DA:14,1
DA:19,1
DA:25,1
DA:35,1
DA:36,1
DA:37,1
DA:38,1
DA:39,1
DA:40,1
DA:41,1
DA:42,1
DA:44,1
DA:45,1
DA:46,1
DA:47,1
DA:50,1
LF:22
LH:20
BRDA:20,0,0,1
BRDA:20,0,1,0
BRDA:36,1,0,0
BRDA:36,1,1,1
BRDA:37,2,0,0
BRDA:37,2,1,1
BRDA:51,3,0,0
BRDA:51,3,1,1
BRF:8
BRH:4
end_of_record
